<?xml version="1.0" encoding="UTF-8"?>
<!-- Generated by org.testng.reporters.JUnitReportReporter -->
<testsuite hostname="DESKTOP-S5RJ1JC" failures="0" tests="1" name="com.flip.qa.Pages.FlipLogin" time="3.319" errors="0" timestamp="09 Mar 2021 17:51:23 GMT" skipped="0">
  <testcase classname="com.flip.qa.Pages.FlipLogin" name="Login" time="3.319"/>
</testsuite> <!-- com.flip.qa.Pages.FlipLogin -->
