<?xml version="1.0" encoding="UTF-8"?>
<!-- Generated by org.testng.reporters.JUnitReportReporter -->
<testsuite hostname="DESKTOP-S5RJ1JC" failures="0" tests="2" name="com.flip.qa.testcases.FlipLoginTest" time="70.190" errors="0" timestamp="21 Mar 2021 09:44:24 GMT" skipped="0">
  <testcase classname="com.flip.qa.testcases.FlipLoginTest" name="LoginpageTitleTest" time="23.020"/>
  <testcase classname="com.flip.qa.testcases.FlipLoginTest" name="LoginTest" time="47.170"/>
</testsuite> <!-- com.flip.qa.testcases.FlipLoginTest -->
