<?xml version="1.0" encoding="UTF-8"?>
<!-- Generated by org.testng.reporters.JUnitReportReporter -->
<testsuite hostname="DESKTOP-S5RJ1JC" failures="0" tests="1" name="com.flip.qa.testcases.FlipHomePageTest" time="14.541" errors="0" timestamp="21 Mar 2021 14:39:33 GMT" skipped="0">
  <testcase classname="com.flip.qa.testcases.FlipHomePageTest" name="verifyHomepagetitleTest" time="14.541"/>
</testsuite> <!-- com.flip.qa.testcases.FlipHomePageTest -->
